<?xml version="1.0" encoding="UTF-8"?>
<!-- Generated by org.testng.reporters.JUnitReportReporter -->
<testsuite skipped="0" hostname="Chaitanya" name="com.anz.testrunner.TestRunner" tests="3" failures="0" timestamp="19 Dec 2021 11:58:43 GMT" time="58.251" errors="0">
  <testcase name="runScenario" time="17.539" classname="com.anz.testrunner.TestRunner"/>
  <testcase name="runScenario" time="19.599" classname="com.anz.testrunner.TestRunner"/>
  <testcase name="runScenario" time="21.113" classname="com.anz.testrunner.TestRunner"/>
</testsuite> <!-- com.anz.testrunner.TestRunner -->
